<?xml version="1.0" encoding="UTF-8"?>
<beans xmlns="http://www.springframework.org/schema/beans"
	xmlns:xsi="http://www.w3.org/2001/XMLSchema-instance"
	xmlns:context="http://www.springframework.org/schema/context"
	xmlns:tx="http://www.springframework.org/schema/tx"
	xsi:schemaLocation="
	http://www.springframework.org/schema/beans http://www.springframework.org/schema/beans/spring-beans.xsd 
	http://www.springframework.org/schema/context http://www.springframework.org/schema/context/spring-context-3.0.xsd 
	http://www.springframework.org/schema/tx http://www.springframework.org/schema/tx/spring-tx-3.0.xsd">
			
	<bean id="propertyConfiguration" class="org.sakila.util.PropertyConfiguration">
		<property name="configurationMapper" ref="configurationMapper"/>
	</bean>
	
	<bean id="localDataSource" class="org.springframework.jdbc.datasource.DriverManagerDataSource">
		<property name="driverClassName" value="com.mysql.jdbc.Driver" />
		<property name="url" value="jdbc:mysql://localhost:3306/home-automation" />
		<property name="username" value="home-automation" />
		<property name="password" value="home-automation" />
	</bean>
	
    <bean id="transactionManager" class="org.springframework.jdbc.datasource.DataSourceTransactionManager">
  		<property name="dataSource" ref="localDataSource" />
	</bean>
     
	<bean id="sqlSessionFactory" class="org.mybatis.spring.SqlSessionFactoryBean">
  		<property name="dataSource" ref="localDataSource" />
  		 <property name="typeAliasesPackage" value="org.sakila.ws.data" />
	</bean>
	
	<bean id="configurationMapper" class="org.mybatis.spring.mapper.MapperFactoryBean">
  		<property name="mapperInterface" value="org.sakila.ws.data.mapper.ConfigurationMapper" />
  		<property name="sqlSessionFactory" ref="sqlSessionFactory" />
	</bean>
</beans>
	