<?xml version="1.0" encoding="UTF-8"?>
<beans xmlns="http://www.springframework.org/schema/beans"
       xmlns:xsi="http://www.w3.org/2001/XMLSchema-instance"
       xmlns:context="http://www.springframework.org/schema/context"
       xmlns:tx="http://www.springframework.org/schema/tx"
       xsi:schemaLocation=
               "http://www.springframework.org/schema/beans http://www.springframework.org/schema/beans/spring-beans-3.0.xsd
	 http://www.springframework.org/schema/context http://www.springframework.org/schema/context/spring-context-3.0.xsd
	 http://www.springframework.org/schema/tx http://www.springframework.org/schema/tx/spring-tx-3.0.xsd">

    <context:annotation-config />
    <tx:annotation-driven/>

    <bean id="dataSource" class="org.springframework.jdbc.datasource.DriverManagerDataSource">
        <property name="driverClassName" value="com.mysql.jdbc.Driver" />
        <property name="url" value="jdbc:mysql://127.0.0.1:3306/calorie-tracker" />
        <property name="username" value="calorie-tracker" />
        <property name="password" value="calorie-tracker" />
    </bean>

    <bean id="transactionManager" class="org.springframework.jdbc.datasource.DataSourceTransactionManager">
        <property name="dataSource" ref="dataSource" />
    </bean>

    <bean id="sqlSessionFactory" class="org.mybatis.spring.SqlSessionFactoryBean">
        <property name="dataSource" ref="dataSource" />
        <property name="typeAliasesPackage" value="ca.pragmaticdev.ws.data" />
    </bean>

    <bean id="dailyIntakeMapper" class="org.mybatis.spring.mapper.MapperFactoryBean">
        <property name="mapperInterface" value="ca.pragmaticdev.ws.data.mapper.DailyIntakeMapper"/>
        <property name="sqlSessionFactory" ref="sqlSessionFactory"/>
    </bean>

    <bean id="servingMapper" class="org.mybatis.spring.mapper.MapperFactoryBean">
        <property name="mapperInterface" value="ca.pragmaticdev.ws.data.mapper.ServingMapper"/>
        <property name="sqlSessionFactory" ref="sqlSessionFactory"/>
    </bean>

    <bean id="registrationInfoMapper" class="org.mybatis.spring.mapper.MapperFactoryBean">
        <property name="mapperInterface" value="ca.pragmaticdev.ws.data.mapper.RegistrationInfoMapper"/>
        <property name="sqlSessionFactory" ref="sqlSessionFactory"/>
    </bean>

    <bean id="userMapper" class="org.mybatis.spring.mapper.MapperFactoryBean">
        <property name="mapperInterface" value="ca.pragmaticdev.ws.data.mapper.UserMapper"/>
        <property name="sqlSessionFactory" ref="sqlSessionFactory"/>
    </bean>

    <bean id="userService" class="ca.pragmaticdev.ws.service.UserService">
        <property name="dailyIntakeMapper" ref="dailyIntakeMapper"/>
        <property name="servingMapper" ref="servingMapper"/>
        <property name="registrationInfoMapper" ref="registrationInfoMapper"/>
        <property name="userMapper" ref="userMapper"/>
    </bean>


</beans>