<?xml version="1.0" encoding="UTF-8"?>
<beans xmlns="http://www.springframework.org/schema/beans"
	xmlns:xsi="http://www.w3.org/2001/XMLSchema-instance"
	xmlns:context="http://www.springframework.org/schema/context"
	xmlns:tx="http://www.springframework.org/schema/tx"
	xsi:schemaLocation=
	"http://www.springframework.org/schema/beans http://www.springframework.org/schema/beans/spring-beans-3.0.xsd  
	 http://www.springframework.org/schema/context http://www.springframework.org/schema/context/spring-context-3.0.xsd 
	 http://www.springframework.org/schema/tx http://www.springframework.org/schema/tx/spring-tx-3.0.xsd">

	<bean id="dataSource" class="org.springframework.jdbc.datasource.DriverManagerDataSource">
		<property name="driverClassName" value="com.mysql.jdbc.Driver" />
		<property name="url" value="jdbc:mysql://localhost:3306/tv-series-wiki" />
		<property name="username" value="root" />
		<property name="password" value="nbuser" />
	</bean>
	
    <bean id="transactionManager" class="org.springframework.jdbc.datasource.DataSourceTransactionManager">
  		<property name="dataSource" ref="dataSource" />
	</bean>
	
    <tx:annotation-driven />
     
	<bean id="sqlSessionFactory" class="org.mybatis.spring.SqlSessionFactoryBean">
  		<property name="dataSource" ref="dataSource" />
  		 <property name="typeAliasesPackage" value="org.sakila.ws.data" />
	</bean>
	
	<bean id="actorMapper" class="org.mybatis.spring.mapper.MapperFactoryBean">
  		<property name="mapperInterface" value="org.sakila.ws.mapper.ActorMapper" />
  		<property name="sqlSessionFactory" ref="sqlSessionFactory" />
	</bean>
	
	<bean id="firstBilledCastMapper" class="org.mybatis.spring.mapper.MapperFactoryBean">
  		<property name="mapperInterface" value="org.sakila.ws.mapper.FirstBilledCastMapper" />
  		<property name="sqlSessionFactory" ref="sqlSessionFactory" />
	</bean>
	
	<bean id="abstractBaseService" class="org.sakila.ws.service.AbstractBaseService" abstract="true"/>
	
	<bean id="firstBilledCastService" parent="abstractBaseService" class="org.sakila.ws.service.FirstBilledCastService" init-method="initialize">
		<property name="mapper" ref="firstBilledCastMapper" />
		<property name="actorMapper" ref="actorMapper" />
	</bean>
	
	
	
</beans>